<!--
  ~ JBoss, a division of Red Hat
  ~ Copyright 2011, Red Hat Middleware, LLC, and individual
  ~ contributors as indicated by the @authors tag. See the
  ~ copyright.txt in the distribution for a full listing of
  ~ individual contributors.
  ~
  ~ This is free software; you can redistribute it and/or modify it
  ~ under the terms of the GNU Lesser General Public License as
  ~ published by the Free Software Foundation; either version 2.1 of
  ~ the License, or (at your option) any later version.
  ~
  ~ This software is distributed in the hope that it will be useful,
  ~ but WITHOUT ANY WARRANTY; without even the implied warranty of
  ~ MERCHANTABILITY or FITNESS FOR A PARTICULAR PURPOSE. See the GNU
  ~ Lesser General Public License for more details.
  ~
  ~ You should have received a copy of the GNU Lesser General Public
  ~ License along with this software; if not, write to the Free
  ~ Software Foundation, Inc., 51 Franklin St, Fifth Floor, Boston, MA
  ~ 02110-1301 USA, or see the FSF site: http://www.fsf.org.
  -->

<assembly>
   <id>producer</id>
   <formats>
      <format>ear</format>
   </formats>
   <includeBaseDirectory>false</includeBaseDirectory>

   <fileSets>
      <!-- Test Classes -->
      <fileSet>
         <directory>target/test-archives</directory>
         <outputDirectory>lib</outputDirectory>
         <includes>
            <include>producer-tests.jar</include>
         </includes>
      </fileSet>
      <!-- Fileset for the ear strucuture -->
      <fileSet>
         <directory>src/test/producer-ear</directory>
         <outputDirectory></outputDirectory>
      </fileSet>
   </fileSets>

   <moduleSets>
      <moduleSet>
         <binaries/>
      </moduleSet>
   </moduleSets>

   <dependencySets>
      <dependencySet>
         <scope>test</scope>
         <outputDirectory>lib</outputDirectory>
         <outputFileNameMapping>${artifact.artifactId}.${artifact.extension}</outputFileNameMapping>
         <includes>
            <include>org.gatein.wsrp:test-framework</include>

            <include>org.gatein.wci:wci-jboss7</include>
            <include>org.gatein.wci:wci-wci</include>

            <include>org.gatein.pc:pc-portlet</include>
            <include>org.gatein.pc:pc-api</include>
            <include>javax.portlet:portlet-api</include>

            <include>org.gatein.pc:pc-controller</include>
            <include>org.gatein.pc:pc-test-core</include>
            <include>org.staxnav:staxnav.core</include>

            <include>org.gatein.common:common-common</include>
            <include>org.gatein.common:common-logging</include>

            <include>javax.ccpp:ccpp</include>

            <include>org.gatein.wsrp:wsrp-common</include>
            <include>org.gatein.wsrp:wsrp-integration-api</include>
            <include>org.gatein.wsrp:wsrp-producer-lib</include>
            <include>org.gatein.wsrp:wsrp-wsrp1-ws</include>
            <include>org.gatein.wsrp:wsrp-wsrp2-ws</include>

            <include>junit:junit</include>
            <include>commons-fileupload:commons-fileupload</include>

            <include>com.google.guava:guava</include>

            <!-- mockito and related dependencies -->
            <include>org.mockito:mockito-core</include>
            <include>org.objenesis:objenesis</include>

         </includes>
      </dependencySet>
   </dependencySets>

</assembly>

